<?xml version="1.0" encoding="UTF-8"?>
<!-- Generated by org.testng.reporters.JUnitReportReporter -->
<testsuite hostname="MSI" failures="0" tests="1" name="phase3_project.multiple_environmants.reqres" time="2.794" errors="0" timestamp="2024-01-22T16:48:57 IST" skipped="0">
  <testcase classname="phase3_project.multiple_environmants.reqres" name="logging" time="2.794"/>
  <system-out/>
</testsuite> <!-- phase3_project.multiple_environmants.reqres -->
